


ARM Macro Assembler    Page 1 


    1 00000000         ;/******************************************************
                       ********************//**
    2 00000000         ; * @file     startup_ARMCM4.s
    3 00000000         ; * @brief    CMSIS Core Device Startup File for
    4 00000000         ; *           ARMCM4 Device Series
    5 00000000         ; * @version  V1.08
    6 00000000         ; * @date     03. February 2012
    7 00000000         ; *
    8 00000000         ; * @note
    9 00000000         ; * Copyright (C) 2012 ARM Limited. All rights reserved.
                       
   10 00000000         ; *
   11 00000000         ; * @par
   12 00000000         ; * ARM Limited (ARM) is supplying this software for use
                        with Cortex-M 
   13 00000000         ; * processor based microcontrollers.  This file can be 
                       freely distributed 
   14 00000000         ; * within development tools that are supporting such AR
                       M based processors. 
   15 00000000         ; *
   16 00000000         ; * @par
   17 00000000         ; * THIS SOFTWARE IS PROVIDED "AS IS".  NO WARRANTIES, W
                       HETHER EXPRESS, IMPLIED
   18 00000000         ; * OR STATUTORY, INCLUDING, BUT NOT LIMITED TO, IMPLIED
                        WARRANTIES OF
   19 00000000         ; * MERCHANTABILITY AND FITNESS FOR A PARTICULAR PURPOSE
                        APPLY TO THIS SOFTWARE.
   20 00000000         ; * ARM SHALL NOT, IN ANY CIRCUMSTANCES, BE LIABLE FOR S
                       PECIAL, INCIDENTAL, OR
   21 00000000         ; * CONSEQUENTIAL DAMAGES, FOR ANY REASON WHATSOEVER.
   22 00000000         ; *
   23 00000000         ; ******************************************************
                       ************************/
   24 00000000         ;/*
   25 00000000         ;//-------- <<< Use Configuration Wizard in Context Menu
                        >>> ------------------
   26 00000000         ;*/
   27 00000000         
   28 00000000         
   29 00000000         ; <h> Stack Configuration
   30 00000000         ;   <o> Stack Size (in Bytes) <0x0-0xFFFFFFFF:8>
   31 00000000         ; </h>
   32 00000000         
   33 00000000 00000400 
                       Stack_Size
                               EQU              0x00000400
   34 00000000         
   35 00000000                 AREA             STACK, NOINIT, READWRITE, ALIGN
=3
   36 00000000         Stack_Mem
                               SPACE            Stack_Size
   37 00000400         __initial_sp
   38 00000400         
   39 00000400         
   40 00000400         ; <h> Heap Configuration
   41 00000400         ;   <o>  Heap Size (in Bytes) <0x0-0xFFFFFFFF:8>
   42 00000400         ; </h>
   43 00000400         
   44 00000400 00000C00 



ARM Macro Assembler    Page 2 


                       Heap_Size
                               EQU              0x00000C00
   45 00000400         
   46 00000400                 AREA             HEAP, NOINIT, READWRITE, ALIGN=
3
   47 00000000         __heap_base
   48 00000000         Heap_Mem
                               SPACE            Heap_Size
   49 00000C00         __heap_limit
   50 00000C00         
   51 00000C00         
   52 00000C00                 PRESERVE8
   53 00000C00                 THUMB
   54 00000C00         
   55 00000C00         
   56 00000C00         ; Vector Table Mapped to Address 0 at Reset
   57 00000C00         
   58 00000C00                 AREA             RESET, DATA, READONLY
   59 00000000                 EXPORT           __Vectors
   60 00000000                 EXPORT           __Vectors_End
   61 00000000                 EXPORT           __Vectors_Size
   62 00000000         
   63 00000000 00000000 
                       __Vectors
                               DCD              __initial_sp ; Top of Stack
   64 00000004 00000000        DCD              Reset_Handler ; Reset Handler
   65 00000008 00000000        DCD              NMI_Handler ; NMI Handler
   66 0000000C 00000000        DCD              HardFault_Handler ; Hard Fault 
                                                            Handler
   67 00000010 00000000        DCD              MemManage_Handler 
                                                            ; MPU Fault Handler
                                                            
   68 00000014 00000000        DCD              BusFault_Handler 
                                                            ; Bus Fault Handler
                                                            
   69 00000018 00000000        DCD              UsageFault_Handler ; Usage Faul
                                                            t Handler
   70 0000001C 00000000        DCD              0           ; Reserved
   71 00000020 00000000        DCD              0           ; Reserved
   72 00000024 00000000        DCD              0           ; Reserved
   73 00000028 00000000        DCD              0           ; Reserved
   74 0000002C 00000000        DCD              SVC_Handler ; SVCall Handler
   75 00000030 00000000        DCD              DebugMon_Handler ; Debug Monito
                                                            r Handler
   76 00000034 00000000        DCD              0           ; Reserved
   77 00000038 00000000        DCD              PendSV_Handler ; PendSV Handler
                                                            
   78 0000003C 00000000        DCD              SysTick_Handler 
                                                            ; SysTick Handler
   79 00000040         
   80 00000040         ; External Interrupts
   81 00000040 00000000        DCD              WDT_IRQHandler ;  0:  Watchdog 
                                                            Timer
   82 00000044 00000000        DCD              RTC_IRQHandler ;  1:  Real Time
                                                             Clock
   83 00000048 00000000        DCD              TIM0_IRQHandler ;  2:  Timer0 /
                                                             Timer1
   84 0000004C 00000000        DCD              TIM2_IRQHandler ;  3:  Timer2 /
                                                             Timer3



ARM Macro Assembler    Page 3 


   85 00000050 00000000        DCD              MCIA_IRQHandler ;  4:  MCIa
   86 00000054 00000000        DCD              MCIB_IRQHandler ;  5:  MCIb
   87 00000058 00000000        DCD              UART0_IRQHandler ;  6:  UART0 -
                                                             DUT FPGA
   88 0000005C 00000000        DCD              UART1_IRQHandler ;  7:  UART1 -
                                                             DUT FPGA
   89 00000060 00000000        DCD              UART2_IRQHandler ;  8:  UART2 -
                                                             DUT FPGA
   90 00000064 00000000        DCD              UART4_IRQHandler ;  9:  UART4 -
                                                             not connected
   91 00000068 00000000        DCD              AACI_IRQHandler 
                                                            ; 10: AACI / AC97
   92 0000006C 00000000        DCD              CLCD_IRQHandler ; 11: CLCD Comb
                                                            ined Interrupt
   93 00000070 00000000        DCD              ENET_IRQHandler ; 12: Ethernet
   94 00000074 00000000        DCD              USBDC_IRQHandler 
                                                            ; 13: USB Device
   95 00000078 00000000        DCD              USBHC_IRQHandler ; 14: USB Host
                                                             Controller
   96 0000007C 00000000        DCD              CHLCD_IRQHandler 
                                                            ; 15: Character LCD
                                                            
   97 00000080 00000000        DCD              FLEXRAY_IRQHandler 
                                                            ; 16: Flexray
   98 00000084 00000000        DCD              CAN_IRQHandler ; 17: CAN
   99 00000088 00000000        DCD              LIN_IRQHandler ; 18: LIN
  100 0000008C 00000000        DCD              I2C_IRQHandler 
                                                            ; 19: I2C ADC/DAC
  101 00000090 00000000        DCD              0           ; 20: Reserved
  102 00000094 00000000        DCD              0           ; 21: Reserved
  103 00000098 00000000        DCD              0           ; 22: Reserved
  104 0000009C 00000000        DCD              0           ; 23: Reserved
  105 000000A0 00000000        DCD              0           ; 24: Reserved
  106 000000A4 00000000        DCD              0           ; 25: Reserved
  107 000000A8 00000000        DCD              0           ; 26: Reserved
  108 000000AC 00000000        DCD              0           ; 27: Reserved
  109 000000B0 00000000        DCD              CPU_CLCD_IRQHandler ; 28: Reser
                                                            ved - CPU FPGA CLCD
                                                            
  110 000000B4 00000000        DCD              0           ; 29: Reserved - CP
                                                            U FPGA
  111 000000B8 00000000        DCD              UART3_IRQHandler ; 30: UART3   
                                                             - CPU FPGA
  112 000000BC 00000000        DCD              SPI_IRQHandler ; 31: SPI Touchs
                                                            creen - CPU FPGA
  113 000000C0         __Vectors_End
  114 000000C0         
  115 000000C0 000000C0 
                       __Vectors_Size
                               EQU              __Vectors_End - __Vectors
  116 000000C0         
  117 000000C0                 AREA             |.text|, CODE, READONLY
  118 00000000         
  119 00000000         
  120 00000000         ; Reset Handler
  121 00000000         
  122 00000000         Reset_Handler
                               PROC
  123 00000000                 EXPORT           Reset_Handler             [WEAK



ARM Macro Assembler    Page 4 


]
  124 00000000         ;  IMPORT  SystemInit
  125 00000000                 IMPORT           __main
  126 00000000         ;  LDR     R0, =SystemInit
  127 00000000         ;  BLX     R0
  128 00000000 4808            LDR              R0, =__main
  129 00000002 4700            BX               R0
  130 00000004                 ENDP
  131 00000004         
  132 00000004         
  133 00000004         ; Dummy Exception Handlers (infinite loops which can be 
                       modified)
  134 00000004         
  135 00000004         NMI_Handler
                               PROC
  136 00000004                 EXPORT           NMI_Handler               [WEAK
]
  137 00000004 E7FE            B                .
  138 00000006                 ENDP
  140 00000006         HardFault_Handler
                               PROC
  141 00000006                 EXPORT           HardFault_Handler         [WEAK
]
  142 00000006 E7FE            B                .
  143 00000008                 ENDP
  145 00000008         MemManage_Handler
                               PROC
  146 00000008                 EXPORT           MemManage_Handler         [WEAK
]
  147 00000008 E7FE            B                .
  148 0000000A                 ENDP
  150 0000000A         BusFault_Handler
                               PROC
  151 0000000A                 EXPORT           BusFault_Handler          [WEAK
]
  152 0000000A E7FE            B                .
  153 0000000C                 ENDP
  155 0000000C         UsageFault_Handler
                               PROC
  156 0000000C                 EXPORT           UsageFault_Handler        [WEAK
]
  157 0000000C E7FE            B                .
  158 0000000E                 ENDP
  159 0000000E         SVC_Handler
                               PROC
  160 0000000E                 EXPORT           SVC_Handler               [WEAK
]
  161 0000000E E7FE            B                .
  162 00000010                 ENDP
  164 00000010         DebugMon_Handler
                               PROC
  165 00000010                 EXPORT           DebugMon_Handler          [WEAK
]
  166 00000010 E7FE            B                .
  167 00000012                 ENDP
  168 00000012         PendSV_Handler
                               PROC
  169 00000012                 EXPORT           PendSV_Handler            [WEAK
]



ARM Macro Assembler    Page 5 


  170 00000012 E7FE            B                .
  171 00000014                 ENDP
  172 00000014         SysTick_Handler
                               PROC
  173 00000014                 EXPORT           SysTick_Handler           [WEAK
]
  174 00000014 E7FE            B                .
  175 00000016                 ENDP
  176 00000016         
  177 00000016         Default_Handler
                               PROC
  178 00000016         
  179 00000016                 EXPORT           WDT_IRQHandler            [WEAK
]
  180 00000016                 EXPORT           RTC_IRQHandler            [WEAK
]
  181 00000016                 EXPORT           TIM0_IRQHandler           [WEAK
]
  182 00000016                 EXPORT           TIM2_IRQHandler           [WEAK
]
  183 00000016                 EXPORT           MCIA_IRQHandler           [WEAK
]
  184 00000016                 EXPORT           MCIB_IRQHandler           [WEAK
]
  185 00000016                 EXPORT           UART0_IRQHandler          [WEAK
]
  186 00000016                 EXPORT           UART1_IRQHandler          [WEAK
]
  187 00000016                 EXPORT           UART2_IRQHandler          [WEAK
]
  188 00000016                 EXPORT           UART3_IRQHandler          [WEAK
]
  189 00000016                 EXPORT           UART4_IRQHandler          [WEAK
]
  190 00000016                 EXPORT           AACI_IRQHandler           [WEAK
]
  191 00000016                 EXPORT           CLCD_IRQHandler           [WEAK
]
  192 00000016                 EXPORT           ENET_IRQHandler           [WEAK
]
  193 00000016                 EXPORT           USBDC_IRQHandler          [WEAK
]
  194 00000016                 EXPORT           USBHC_IRQHandler          [WEAK
]
  195 00000016                 EXPORT           CHLCD_IRQHandler          [WEAK
]
  196 00000016                 EXPORT           FLEXRAY_IRQHandler        [WEAK
]
  197 00000016                 EXPORT           CAN_IRQHandler            [WEAK
]
  198 00000016                 EXPORT           LIN_IRQHandler            [WEAK
]
  199 00000016                 EXPORT           I2C_IRQHandler            [WEAK
]
  200 00000016                 EXPORT           CPU_CLCD_IRQHandler       [WEAK
]
  201 00000016                 EXPORT           SPI_IRQHandler            [WEAK
]
  202 00000016         



ARM Macro Assembler    Page 6 


  203 00000016         WDT_IRQHandler
  204 00000016         RTC_IRQHandler
  205 00000016         TIM0_IRQHandler
  206 00000016         TIM2_IRQHandler
  207 00000016         MCIA_IRQHandler
  208 00000016         MCIB_IRQHandler
  209 00000016         UART0_IRQHandler
  210 00000016         UART1_IRQHandler
  211 00000016         UART2_IRQHandler
  212 00000016         UART3_IRQHandler
  213 00000016         UART4_IRQHandler
  214 00000016         AACI_IRQHandler
  215 00000016         CLCD_IRQHandler
  216 00000016         ENET_IRQHandler
  217 00000016         USBDC_IRQHandler
  218 00000016         USBHC_IRQHandler
  219 00000016         CHLCD_IRQHandler
  220 00000016         FLEXRAY_IRQHandler
  221 00000016         CAN_IRQHandler
  222 00000016         LIN_IRQHandler
  223 00000016         I2C_IRQHandler
  224 00000016         CPU_CLCD_IRQHandler
  225 00000016         SPI_IRQHandler
  226 00000016 E7FE            B                .
  227 00000018         
  228 00000018                 ENDP
  229 00000018         
  230 00000018         
  231 00000018                 ALIGN
  232 00000018         
  233 00000018         
  234 00000018         ; User Initial Stack & Heap
  235 00000018         
  236 00000018                 IF               :DEF:__MICROLIB
  243 00000018         
  244 00000018                 IMPORT           __use_two_region_memory
  245 00000018                 EXPORT           __user_initial_stackheap
  246 00000018         
  247 00000018         __user_initial_stackheap
                               PROC
  248 00000018 4803            LDR              R0, =  Heap_Mem
  249 0000001A 4904            LDR              R1, =(Stack_Mem + Stack_Size)
  250 0000001C 4A04            LDR              R2, = (Heap_Mem +  Heap_Size)
  251 0000001E 4B05            LDR              R3, = Stack_Mem
  252 00000020 4770            BX               LR
  253 00000022                 ENDP
  254 00000022         
  255 00000022 00 00           ALIGN
  256 00000024         
  257 00000024                 ENDIF
  258 00000024         
  259 00000024         
  260 00000024                 END
              00000000 
              00000000 
              00000400 
              00000C00 
              00000000 
Command Line: --debug --xref --cpu=Cortex-M4 --apcs=interwork --depend=.\startu



ARM Macro Assembler    Page 7 


p_armcm4.d -o.\startup_armcm4.o -IC:\Keil\ARM\RV31\INC -IC:\Keil\ARM\CMSIS\Incl
ude --list=.\startup_armcm4.lst startup_ARMCM4.s



ARM Macro Assembler    Page 1 Alphabetic symbol ordering
Relocatable symbols

STACK 00000000

Symbol: STACK
   Definitions
      At line 35 in file startup_ARMCM4.s
   Uses
      None
Comment: STACK unused
Stack_Mem 00000000

Symbol: Stack_Mem
   Definitions
      At line 36 in file startup_ARMCM4.s
   Uses
      At line 249 in file startup_ARMCM4.s
      At line 251 in file startup_ARMCM4.s

__initial_sp 00000400

Symbol: __initial_sp
   Definitions
      At line 37 in file startup_ARMCM4.s
   Uses
      At line 63 in file startup_ARMCM4.s
Comment: __initial_sp used once
3 symbols



ARM Macro Assembler    Page 1 Alphabetic symbol ordering
Relocatable symbols

HEAP 00000000

Symbol: HEAP
   Definitions
      At line 46 in file startup_ARMCM4.s
   Uses
      None
Comment: HEAP unused
Heap_Mem 00000000

Symbol: Heap_Mem
   Definitions
      At line 48 in file startup_ARMCM4.s
   Uses
      At line 248 in file startup_ARMCM4.s
      At line 250 in file startup_ARMCM4.s

__heap_base 00000000

Symbol: __heap_base
   Definitions
      At line 47 in file startup_ARMCM4.s
   Uses
      None
Comment: __heap_base unused
__heap_limit 00000C00

Symbol: __heap_limit
   Definitions
      At line 49 in file startup_ARMCM4.s
   Uses
      None
Comment: __heap_limit unused
4 symbols



ARM Macro Assembler    Page 1 Alphabetic symbol ordering
Relocatable symbols

RESET 00000000

Symbol: RESET
   Definitions
      At line 58 in file startup_ARMCM4.s
   Uses
      None
Comment: RESET unused
__Vectors 00000000

Symbol: __Vectors
   Definitions
      At line 63 in file startup_ARMCM4.s
   Uses
      At line 59 in file startup_ARMCM4.s
      At line 115 in file startup_ARMCM4.s

__Vectors_End 000000C0

Symbol: __Vectors_End
   Definitions
      At line 113 in file startup_ARMCM4.s
   Uses
      At line 60 in file startup_ARMCM4.s
      At line 115 in file startup_ARMCM4.s

3 symbols



ARM Macro Assembler    Page 1 Alphabetic symbol ordering
Relocatable symbols

.text 00000000

Symbol: .text
   Definitions
      At line 117 in file startup_ARMCM4.s
   Uses
      None
Comment: .text unused
AACI_IRQHandler 00000016

Symbol: AACI_IRQHandler
   Definitions
      At line 214 in file startup_ARMCM4.s
   Uses
      At line 91 in file startup_ARMCM4.s
      At line 190 in file startup_ARMCM4.s

BusFault_Handler 0000000A

Symbol: BusFault_Handler
   Definitions
      At line 150 in file startup_ARMCM4.s
   Uses
      At line 68 in file startup_ARMCM4.s
      At line 151 in file startup_ARMCM4.s

CAN_IRQHandler 00000016

Symbol: CAN_IRQHandler
   Definitions
      At line 221 in file startup_ARMCM4.s
   Uses
      At line 98 in file startup_ARMCM4.s
      At line 197 in file startup_ARMCM4.s

CHLCD_IRQHandler 00000016

Symbol: CHLCD_IRQHandler
   Definitions
      At line 219 in file startup_ARMCM4.s
   Uses
      At line 96 in file startup_ARMCM4.s
      At line 195 in file startup_ARMCM4.s

CLCD_IRQHandler 00000016

Symbol: CLCD_IRQHandler
   Definitions
      At line 215 in file startup_ARMCM4.s
   Uses
      At line 92 in file startup_ARMCM4.s
      At line 191 in file startup_ARMCM4.s

CPU_CLCD_IRQHandler 00000016

Symbol: CPU_CLCD_IRQHandler
   Definitions
      At line 224 in file startup_ARMCM4.s
   Uses



ARM Macro Assembler    Page 2 Alphabetic symbol ordering
Relocatable symbols

      At line 109 in file startup_ARMCM4.s
      At line 200 in file startup_ARMCM4.s

DebugMon_Handler 00000010

Symbol: DebugMon_Handler
   Definitions
      At line 164 in file startup_ARMCM4.s
   Uses
      At line 75 in file startup_ARMCM4.s
      At line 165 in file startup_ARMCM4.s

Default_Handler 00000016

Symbol: Default_Handler
   Definitions
      At line 177 in file startup_ARMCM4.s
   Uses
      None
Comment: Default_Handler unused
ENET_IRQHandler 00000016

Symbol: ENET_IRQHandler
   Definitions
      At line 216 in file startup_ARMCM4.s
   Uses
      At line 93 in file startup_ARMCM4.s
      At line 192 in file startup_ARMCM4.s

FLEXRAY_IRQHandler 00000016

Symbol: FLEXRAY_IRQHandler
   Definitions
      At line 220 in file startup_ARMCM4.s
   Uses
      At line 97 in file startup_ARMCM4.s
      At line 196 in file startup_ARMCM4.s

HardFault_Handler 00000006

Symbol: HardFault_Handler
   Definitions
      At line 140 in file startup_ARMCM4.s
   Uses
      At line 66 in file startup_ARMCM4.s
      At line 141 in file startup_ARMCM4.s

I2C_IRQHandler 00000016

Symbol: I2C_IRQHandler
   Definitions
      At line 223 in file startup_ARMCM4.s
   Uses
      At line 100 in file startup_ARMCM4.s
      At line 199 in file startup_ARMCM4.s

LIN_IRQHandler 00000016

Symbol: LIN_IRQHandler



ARM Macro Assembler    Page 3 Alphabetic symbol ordering
Relocatable symbols

   Definitions
      At line 222 in file startup_ARMCM4.s
   Uses
      At line 99 in file startup_ARMCM4.s
      At line 198 in file startup_ARMCM4.s

MCIA_IRQHandler 00000016

Symbol: MCIA_IRQHandler
   Definitions
      At line 207 in file startup_ARMCM4.s
   Uses
      At line 85 in file startup_ARMCM4.s
      At line 183 in file startup_ARMCM4.s

MCIB_IRQHandler 00000016

Symbol: MCIB_IRQHandler
   Definitions
      At line 208 in file startup_ARMCM4.s
   Uses
      At line 86 in file startup_ARMCM4.s
      At line 184 in file startup_ARMCM4.s

MemManage_Handler 00000008

Symbol: MemManage_Handler
   Definitions
      At line 145 in file startup_ARMCM4.s
   Uses
      At line 67 in file startup_ARMCM4.s
      At line 146 in file startup_ARMCM4.s

NMI_Handler 00000004

Symbol: NMI_Handler
   Definitions
      At line 135 in file startup_ARMCM4.s
   Uses
      At line 65 in file startup_ARMCM4.s
      At line 136 in file startup_ARMCM4.s

PendSV_Handler 00000012

Symbol: PendSV_Handler
   Definitions
      At line 168 in file startup_ARMCM4.s
   Uses
      At line 77 in file startup_ARMCM4.s
      At line 169 in file startup_ARMCM4.s

RTC_IRQHandler 00000016

Symbol: RTC_IRQHandler
   Definitions
      At line 204 in file startup_ARMCM4.s
   Uses
      At line 82 in file startup_ARMCM4.s
      At line 180 in file startup_ARMCM4.s



ARM Macro Assembler    Page 4 Alphabetic symbol ordering
Relocatable symbols


Reset_Handler 00000000

Symbol: Reset_Handler
   Definitions
      At line 122 in file startup_ARMCM4.s
   Uses
      At line 64 in file startup_ARMCM4.s
      At line 123 in file startup_ARMCM4.s

SPI_IRQHandler 00000016

Symbol: SPI_IRQHandler
   Definitions
      At line 225 in file startup_ARMCM4.s
   Uses
      At line 112 in file startup_ARMCM4.s
      At line 201 in file startup_ARMCM4.s

SVC_Handler 0000000E

Symbol: SVC_Handler
   Definitions
      At line 159 in file startup_ARMCM4.s
   Uses
      At line 74 in file startup_ARMCM4.s
      At line 160 in file startup_ARMCM4.s

SysTick_Handler 00000014

Symbol: SysTick_Handler
   Definitions
      At line 172 in file startup_ARMCM4.s
   Uses
      At line 78 in file startup_ARMCM4.s
      At line 173 in file startup_ARMCM4.s

TIM0_IRQHandler 00000016

Symbol: TIM0_IRQHandler
   Definitions
      At line 205 in file startup_ARMCM4.s
   Uses
      At line 83 in file startup_ARMCM4.s
      At line 181 in file startup_ARMCM4.s

TIM2_IRQHandler 00000016

Symbol: TIM2_IRQHandler
   Definitions
      At line 206 in file startup_ARMCM4.s
   Uses
      At line 84 in file startup_ARMCM4.s
      At line 182 in file startup_ARMCM4.s

UART0_IRQHandler 00000016

Symbol: UART0_IRQHandler
   Definitions



ARM Macro Assembler    Page 5 Alphabetic symbol ordering
Relocatable symbols

      At line 209 in file startup_ARMCM4.s
   Uses
      At line 87 in file startup_ARMCM4.s
      At line 185 in file startup_ARMCM4.s

UART1_IRQHandler 00000016

Symbol: UART1_IRQHandler
   Definitions
      At line 210 in file startup_ARMCM4.s
   Uses
      At line 88 in file startup_ARMCM4.s
      At line 186 in file startup_ARMCM4.s

UART2_IRQHandler 00000016

Symbol: UART2_IRQHandler
   Definitions
      At line 211 in file startup_ARMCM4.s
   Uses
      At line 89 in file startup_ARMCM4.s
      At line 187 in file startup_ARMCM4.s

UART3_IRQHandler 00000016

Symbol: UART3_IRQHandler
   Definitions
      At line 212 in file startup_ARMCM4.s
   Uses
      At line 111 in file startup_ARMCM4.s
      At line 188 in file startup_ARMCM4.s

UART4_IRQHandler 00000016

Symbol: UART4_IRQHandler
   Definitions
      At line 213 in file startup_ARMCM4.s
   Uses
      At line 90 in file startup_ARMCM4.s
      At line 189 in file startup_ARMCM4.s

USBDC_IRQHandler 00000016

Symbol: USBDC_IRQHandler
   Definitions
      At line 217 in file startup_ARMCM4.s
   Uses
      At line 94 in file startup_ARMCM4.s
      At line 193 in file startup_ARMCM4.s

USBHC_IRQHandler 00000016

Symbol: USBHC_IRQHandler
   Definitions
      At line 218 in file startup_ARMCM4.s
   Uses
      At line 95 in file startup_ARMCM4.s
      At line 194 in file startup_ARMCM4.s




ARM Macro Assembler    Page 6 Alphabetic symbol ordering
Relocatable symbols

UsageFault_Handler 0000000C

Symbol: UsageFault_Handler
   Definitions
      At line 155 in file startup_ARMCM4.s
   Uses
      At line 69 in file startup_ARMCM4.s
      At line 156 in file startup_ARMCM4.s

WDT_IRQHandler 00000016

Symbol: WDT_IRQHandler
   Definitions
      At line 203 in file startup_ARMCM4.s
   Uses
      At line 81 in file startup_ARMCM4.s
      At line 179 in file startup_ARMCM4.s

__user_initial_stackheap 00000018

Symbol: __user_initial_stackheap
   Definitions
      At line 247 in file startup_ARMCM4.s
   Uses
      At line 245 in file startup_ARMCM4.s
Comment: __user_initial_stackheap used once
36 symbols



ARM Macro Assembler    Page 1 Alphabetic symbol ordering
Absolute symbols

Heap_Size 00000C00

Symbol: Heap_Size
   Definitions
      At line 44 in file startup_ARMCM4.s
   Uses
      At line 48 in file startup_ARMCM4.s
      At line 250 in file startup_ARMCM4.s

Stack_Size 00000400

Symbol: Stack_Size
   Definitions
      At line 33 in file startup_ARMCM4.s
   Uses
      At line 36 in file startup_ARMCM4.s
      At line 249 in file startup_ARMCM4.s

__Vectors_Size 000000C0

Symbol: __Vectors_Size
   Definitions
      At line 115 in file startup_ARMCM4.s
   Uses
      At line 61 in file startup_ARMCM4.s
Comment: __Vectors_Size used once
3 symbols



ARM Macro Assembler    Page 1 Alphabetic symbol ordering
External symbols

__main 00000000

Symbol: __main
   Definitions
      At line 125 in file startup_ARMCM4.s
   Uses
      At line 128 in file startup_ARMCM4.s
Comment: __main used once
__use_two_region_memory 00000000

Symbol: __use_two_region_memory
   Definitions
      At line 244 in file startup_ARMCM4.s
   Uses
      None
Comment: __use_two_region_memory unused
2 symbols
385 symbols in table
